0 info it worked if it ends with ok
1 verbose cli [ '/usr/local/bin/node',
1 verbose cli   '/usr/local/bin/npm',
1 verbose cli   'start',
1 verbose cli   '--verbose' ]
2 info using npm@2.5.1
3 info using node@v0.12.0
4 verbose run-script [ 'prestart', 'start', 'poststart' ]
5 info prestart TextEditor@0.0.0
6 info start TextEditor@0.0.0
7 verbose unsafe-perm in lifecycle true
8 info TextEditor@0.0.0 Failed to exec start script
9 verbose stack Error: TextEditor@0.0.0 start: `grunt dist && SET NODE_ENV=production && SET PORT=80 && node ./bin/www`
9 verbose stack Exit status 127
9 verbose stack     at EventEmitter.<anonymous> (/usr/local/lib/node_modules/npm/lib/utils/lifecycle.js:213:16)
9 verbose stack     at EventEmitter.emit (events.js:110:17)
9 verbose stack     at ChildProcess.<anonymous> (/usr/local/lib/node_modules/npm/lib/utils/spawn.js:14:12)
9 verbose stack     at ChildProcess.emit (events.js:110:17)
9 verbose stack     at maybeClose (child_process.js:1008:16)
9 verbose stack     at Process.ChildProcess._handle.onexit (child_process.js:1080:5)
10 verbose pkgid TextEditor@0.0.0
11 verbose cwd /Users/jeanlucasdecarvalhosilva/Documents/Projetos/Pessoais/TextEditor
12 error Darwin 14.3.0
13 error argv "/usr/local/bin/node" "/usr/local/bin/npm" "start" "--verbose"
14 error node v0.12.0
15 error npm  v2.5.1
16 error code ELIFECYCLE
17 error TextEditor@0.0.0 start: `grunt dist && SET NODE_ENV=production && SET PORT=80 && node ./bin/www`
17 error Exit status 127
18 error Failed at the TextEditor@0.0.0 start script 'grunt dist && SET NODE_ENV=production && SET PORT=80 && node ./bin/www'.
18 error This is most likely a problem with the TextEditor package,
18 error not with npm itself.
18 error Tell the author that this fails on your system:
18 error     grunt dist && SET NODE_ENV=production && SET PORT=80 && node ./bin/www
18 error You can get their info via:
18 error     npm owner ls TextEditor
18 error There is likely additional logging output above.
19 verbose exit [ 1, true ]
